<?xml version="1.0" encoding="UTF-8"?>
<!-- Generated by org.testng.reporters.JUnitReportReporter -->
<testsuite hostname="PRATIK" failures="0" tests="3" name="testNG.Ploan" time="0.023" errors="0" timestamp="2023-02-05T00:04:41 IST" skipped="0">
  <testcase classname="testNG.Ploan" name="demo2" time="0.002"/>
  <system-out/>
  <testcase classname="testNG.Ploan" name="demo1" time="0.015"/>
  <system-out/>
  <testcase classname="testNG.Ploan" name="pLoan" time="0.006"/>
  <system-out/>
</testsuite> <!-- testNG.Ploan -->
