<?xml version="1.0" encoding="UTF-8"?>
<!-- Generated by org.testng.reporters.JUnitReportReporter -->
<testsuite hostname="PRATIK" failures="0" tests="3" name="testNG.DataProviderTestNG" time="0.004" errors="0" timestamp="2023-02-04T23:52:49 IST" skipped="0">
  <testcase classname="testNG.DataProviderTestNG" name="test1" time="0.003"/>
  <system-out/>
  <testcase classname="testNG.DataProviderTestNG" name="test1" time="0.001"/>
  <system-out/>
  <testcase classname="testNG.DataProviderTestNG" name="test1" time="0.000"/>
  <system-out/>
</testsuite> <!-- testNG.DataProviderTestNG -->
