<?xml version="1.0" encoding="UTF-8"?>
<!-- Generated by org.testng.reporters.JUnitReportReporter -->
<testsuite hostname="PRATIK" failures="0" tests="5" name="testNG.CarLoan" time="0.024" errors="0" timestamp="2023-02-05T01:27:59 IST" skipped="1">
  <testcase classname="testNG.CarLoan" name="mobileCarLoan2" time="0.021"/>
  <system-out/>
  <testcase classname="testNG.CarLoan" name="booksLoan" time="0.001"/>
  <system-out/>
  <testcase classname="testNG.CarLoan" name="webCarLoan" time="0.001"/>
  <system-out/>
  <testcase classname="testNG.CarLoan" name="apiCarLoan" time="0.001"/>
  <system-out/>
  <testcase classname="testNG.CarLoan" name="mobileCarLoan1">
    <skipped/>
  </testcase> <!-- mobileCarLoan1 -->
  <system-out/>
</testsuite> <!-- testNG.CarLoan -->
