<?xml version="1.0" encoding="UTF-8"?>
<!-- Generated by org.testng.reporters.JUnitReportReporter -->
<testsuite hostname="PRATIK" failures="0" tests="6" name="testNG.CarLoan" time="0.018" errors="0" timestamp="2022-12-04T11:05:52 IST" skipped="2">
  <testcase classname="testNG.CarLoan" name="mobileCarLoan2" time="0.013"/>
  <system-out/>
  <testcase classname="testNG.CarLoan" name="mobileCarLoan3" time="0.003"/>
  <system-out/>
  <testcase classname="testNG.CarLoan" name="apiCarLoan" time="0.001"/>
  <system-out/>
  <testcase classname="testNG.CarLoan" name="booksLoan" time="0.001"/>
  <system-out/>
  <testcase classname="testNG.CarLoan" name="mobileCarLoan1">
    <skipped/>
  </testcase> <!-- mobileCarLoan1 -->
  <system-out/>
  <testcase classname="testNG.CarLoan" name="webCarLoan">
    <skipped/>
  </testcase> <!-- webCarLoan -->
  <system-out/>
</testsuite> <!-- testNG.CarLoan -->
