<?xml version="1.0" encoding="UTF-8"?>
<!-- Generated by org.testng.reporters.JUnitReportReporter -->
<testsuite hostname="PRATIK" failures="0" tests="1" name="testNG.ListenersInTestNG" time="0.011" errors="0" timestamp="2022-11-20T22:13:54 IST" skipped="0">
  <testcase classname="testNG.ListenersInTestNG" name="test1" time="0.011"/>
  <system-out/>
</testsuite> <!-- testNG.ListenersInTestNG -->
