<?xml version="1.0" encoding="UTF-8"?>
<!-- Generated by org.testng.reporters.JUnitReportReporter -->
<testsuite hostname="PRATIK" failures="0" tests="3" name="testNG.DataProviderTestNG" time="0.010" errors="0" timestamp="2022-11-20T22:12:30 IST" skipped="0">
  <testcase classname="testNG.DataProviderTestNG" name="test1" time="0.008"/>
  <system-out/>
  <testcase classname="testNG.DataProviderTestNG" name="test1" time="0.001"/>
  <system-out/>
  <testcase classname="testNG.DataProviderTestNG" name="test1" time="0.001"/>
  <system-out/>
</testsuite> <!-- testNG.DataProviderTestNG -->
