<?xml version="1.0" encoding="UTF-8"?>
<!-- Generated by org.testng.reporters.JUnitReportReporter -->
<testsuite hostname="PRATIK" failures="0" tests="1" name="testNG.Ploan" time="0.012" errors="0" timestamp="2022-12-04T11:05:52 IST" skipped="0">
  <testcase classname="testNG.Ploan" name="pLoan" time="0.012"/>
  <system-out/>
</testsuite> <!-- testNG.Ploan -->
